2010-06-29 18:20:55 Notice: Notice (8): Undefined property: Activity::$Question in [/home/shishir/public_html/answers/app/controllers/activities_controller.php, line 29]
2010-06-29 18:28:42 Notice: Notice (8): Undefined property: View::$Session in [/home/shishir/public_html/answers/app/views/layouts/default.ctp, line 24]
2010-06-29 18:30:12 Notice: Notice (8): Undefined property: View::$Session in [/home/shishir/public_html/answers/app/views/layouts/default.ctp, line 24]
2010-06-29 18:30:33 Notice: Notice (8): Undefined property: View::$Session in [/home/shishir/public_html/answers/app/views/layouts/default.ctp, line 24]
2010-06-29 18:30:37 Notice: Notice (8): Undefined property: View::$Session in [/home/shishir/public_html/answers/app/views/layouts/default.ctp, line 24]
2010-06-29 18:36:38 Notice: Notice (8): Undefined variable: session in [/home/shishir/public_html/answers/app/views/users/login.ctp, line 2]
2010-06-29 19:16:01 Notice: Notice (8): Undefined property: View::$Session in [/home/shishir/public_html/answers/app/views/layouts/default.ctp, line 24]
2010-06-30 12:54:54 Notice: Notice (8): Undefined property: Watchlist::$Question in [/home/shishir/public_html/answers/app/controllers/watchlists_controller.php, line 29]
2010-07-01 17:25:26 Notice: Notice (8): Undefined property: View::$Paginator in [/home/shishir/public_html/answers/app/views/categories/index.ctp, line 5]
2010-08-02 19:28:50 Notice: Notice (8): Undefined index:  category_ids in [/home/shishir/public_html/answers/app/views/questions/edit.ctp, line 10]
2010-11-01 15:33:54 Notice: Notice (8): Undefined property: Watchlist::$Question in [/home/shishir/public_html/answers/app/controllers/watchlists_controller.php, line 29]
2010-11-01 16:17:44 Notice: Notice (8): Undefined variable: unresolve in [/home/shishir/public_html/answers/app/views/questions/unresolved.ctp, line 15]
2010-11-01 16:34:57 Notice: Notice (8): Undefined variable: unresolved in [/home/shishir/public_html/answers/app/views/questions/unresolved.ctp, line 15]
2010-11-01 16:34:57 Notice: Notice (8): Undefined variable: scripts_for_layout in [/home/shishir/public_html/answers/app/views/layouts/default.ctp, line 13]
2010-11-01 16:34:57 Notice: Notice (8): Undefined variable: content_for_layout in [/home/shishir/public_html/answers/app/views/layouts/default.ctp, line 39]
2010-11-01 16:45:57 Notice: Notice (8): Undefined property: View::$Paginator in [/home/shishir/public_html/answers/app/views/questions/unresolved.ctp, line 5]
2010-11-01 18:05:37 Notice: Notice (8): Undefined variable: channelData in [/home/shishir/public_html/answers/app/views/questions/rss/index.ctp, line 5]
2010-11-01 18:05:37 Notice: Notice (8): Undefined variable: items in [/home/shishir/public_html/answers/app/views/questions/rss/index.ctp, line 5]
2010-11-01 18:05:37 Notice: Notice (8): Use of undefined constant channel - assumed 'channel' in [/home/shishir/public_html/answers/app/views/questions/rss/index.ctp, line 7]
2010-11-02 18:01:29 Notice: Notice (8): Undefined property: QuestionsController::$Answer in [/home/shishir/public_html/answers/app/controllers/questions_controller.php, line 25]
2010-11-02 18:12:42 Notice: Notice (8): Undefined offset:  0 in [/home/shishir/public_html/answers/app/views/questions/view.ctp, line 44]
2010-11-02 18:13:10 Notice: Notice (8): Undefined offset:  0 in [/home/shishir/public_html/answers/app/views/questions/view.ctp, line 44]
2010-11-02 18:13:33 Notice: Notice (8): Undefined index:  content in [/home/shishir/public_html/answers/app/views/questions/view.ctp, line 44]
2010-11-02 18:14:39 Notice: Notice (8): Undefined index:  fname in [/home/shishir/public_html/answers/app/views/questions/view.ctp, line 44]
2010-11-02 18:14:58 Notice: Notice (8): Undefined index:  fname in [/home/shishir/public_html/answers/app/views/questions/view.ctp, line 44]
2010-11-02 18:15:11 Notice: Notice (8): Undefined index:  fname in [/home/shishir/public_html/answers/app/views/questions/view.ctp, line 44]
2010-11-02 18:15:28 Notice: Notice (8): Undefined index:  fname in [/home/shishir/public_html/answers/app/views/questions/view.ctp, line 44]
2010-11-24 17:59:04 Notice: Notice (8): Undefined index:  User in [/home/shishir/public_html/answers/app/views/questions_tags/tagsearch.ctp, line 26]
2010-11-24 17:59:04 Notice: Notice (8): Undefined variable: question in [/home/shishir/public_html/answers/app/views/questions_tags/tagsearch.ctp, line 26]
2010-11-24 18:00:20 Notice: Notice (8): Undefined index:  User in [/home/shishir/public_html/answers/app/views/questions_tags/tagsearch.ctp, line 26]
2010-11-24 18:00:20 Notice: Notice (8): Undefined variable: question in [/home/shishir/public_html/answers/app/views/questions_tags/tagsearch.ctp, line 26]
2010-11-24 18:00:30 Notice: Notice (8): Undefined index:  User in [/home/shishir/public_html/answers/app/views/questions_tags/tagsearch.ctp, line 26]
2010-11-24 18:00:30 Notice: Notice (8): Undefined variable: question in [/home/shishir/public_html/answers/app/views/questions_tags/tagsearch.ctp, line 26]
2010-11-24 18:02:09 Notice: Notice (8): Undefined index:  User in [/home/shishir/public_html/answers/app/views/questions_tags/tagsearch.ctp, line 26]
2010-11-24 18:05:53 Notice: Notice (8): Undefined variable: Tag in [/home/shishir/public_html/answers/app/views/questions_tags/tagsearch.ctp, line 2]
2010-11-24 18:06:34 Notice: Notice (8): Undefined index:  Tag in [/home/shishir/public_html/answers/app/views/questions_tags/tagsearch.ctp, line 2]
2010-11-24 18:28:30 Notice: Notice (8): Undefined variable: ajax in [/home/shishir/public_html/answers/app/views/questions/add.ctp, line 13]
2010-11-24 18:44:01 Notice: Notice (8): Undefined variable: ajax in [/home/shishir/public_html/answers/app/views/questions/add.ctp, line 13]
2010-11-24 18:44:53 Notice: Notice (8): Undefined variable: ajax in [/home/shishir/public_html/answers/app/views/questions/add.ctp, line 13]
2010-11-24 18:47:37 Notice: Notice (8): Undefined variable: ajax in [/home/shishir/public_html/answers/app/views/questions/add.ctp, line 13]
2010-11-25 14:59:55 Notice: Notice (8): Undefined variable: ajax in [/home/shishir/public_html/answers/app/views/questions/add.ctp, line 13]
2010-11-25 15:04:32 Notice: Notice (8): Undefined variable: ajax in [/home/shishir/public_html/answers/app/views/questions/add.ctp, line 13]
2010-11-25 15:04:33 Notice: Notice (8): Undefined variable: ajax in [/home/shishir/public_html/answers/app/views/questions/add.ctp, line 13]
2010-11-25 15:04:35 Notice: Notice (8): Undefined variable: ajax in [/home/shishir/public_html/answers/app/views/questions/add.ctp, line 13]
2010-11-25 15:04:35 Notice: Notice (8): Undefined variable: ajax in [/home/shishir/public_html/answers/app/views/questions/add.ctp, line 13]
2010-11-25 15:04:35 Notice: Notice (8): Undefined variable: ajax in [/home/shishir/public_html/answers/app/views/questions/add.ctp, line 13]
2010-11-25 15:04:35 Notice: Notice (8): Undefined variable: ajax in [/home/shishir/public_html/answers/app/views/questions/add.ctp, line 13]
2010-11-25 15:37:40 Notice: Notice (8): Undefined variable: ajax in [/home/shishir/public_html/answers/app/views/questions/add.ctp, line 13]
2010-11-25 15:38:02 Notice: Notice (8): Undefined variable: ajax in [/home/shishir/public_html/answers/app/views/questions/add.ctp, line 13]
2010-11-25 15:38:03 Notice: Notice (8): Undefined variable: ajax in [/home/shishir/public_html/answers/app/views/questions/add.ctp, line 13]
2010-11-25 15:38:04 Notice: Notice (8): Undefined variable: ajax in [/home/shishir/public_html/answers/app/views/questions/add.ctp, line 13]
2010-11-25 15:38:04 Notice: Notice (8): Undefined variable: ajax in [/home/shishir/public_html/answers/app/views/questions/add.ctp, line 13]
2010-11-25 15:38:04 Notice: Notice (8): Undefined variable: ajax in [/home/shishir/public_html/answers/app/views/questions/add.ctp, line 13]
2010-11-25 15:38:05 Notice: Notice (8): Undefined variable: ajax in [/home/shishir/public_html/answers/app/views/questions/add.ctp, line 13]
2010-11-25 15:38:30 Notice: Notice (8): Undefined variable: ajax in [/home/shishir/public_html/answers/app/views/questions/add.ctp, line 13]
2010-11-25 17:36:22 Notice: Notice (8): Trying to get property of non-object in [/home/shishir/public_html/answers/app/vendors/Auth/OpenID/google_discovery.php, line 174]
2010-11-25 17:39:26 Notice: Notice (8): Trying to get property of non-object in [/home/shishir/public_html/answers/app/vendors/Auth/OpenID/google_discovery.php, line 174]
2010-11-26 16:01:10 Notice: Notice (8): Undefined variable: tags in [/home/shishir/public_html/answers/app/controllers/tags_controller.php, line 8]
2010-11-26 16:01:11 Notice: Notice (8): Undefined index:  count in [/home/shishir/public_html/answers/app/views/tags/index.ctp, line 6]
2010-11-26 16:07:30 Notice: Notice (8): Undefined variable: tags in [/home/shishir/public_html/answers/app/controllers/tags_controller.php, line 8]
2010-11-26 16:07:30 Notice: Notice (8): Undefined index:  count in [/home/shishir/public_html/answers/app/views/tags/index.ctp, line 6]
2010-11-26 16:08:20 Notice: Notice (8): Undefined index:  count in [/home/shishir/public_html/answers/app/views/tags/index.ctp, line 6]
2010-11-26 16:08:28 Notice: Notice (8): Undefined index:  count in [/home/shishir/public_html/answers/app/views/tags/index.ctp, line 6]
2010-11-26 16:09:50 Notice: Notice (8): Undefined index:  count in [/home/shishir/public_html/answers/app/views/tags/index.ctp, line 6]
2010-11-26 16:09:52 Notice: Notice (8): Undefined index:  count in [/home/shishir/public_html/answers/app/views/tags/index.ctp, line 6]
2010-11-26 16:09:54 Notice: Notice (8): Undefined index:  count in [/home/shishir/public_html/answers/app/views/tags/index.ctp, line 6]
2010-11-26 16:10:07 Notice: Notice (8): Undefined variable: tags in [/home/shishir/public_html/answers/app/views/tags/index.ctp, line 5]
2010-11-26 16:11:04 Notice: Notice (8): Undefined index:  count in [/home/shishir/public_html/answers/app/views/tags/index.ctp, line 6]
2010-11-26 16:11:08 Notice: Notice (8): Undefined index:  count in [/home/shishir/public_html/answers/app/views/tags/index.ctp, line 6]
2010-11-26 16:11:40 Notice: Notice (8): Undefined index:  count in [/home/shishir/public_html/answers/app/views/tags/index.ctp, line 7]
2010-11-26 16:51:11 Notice: Notice (8): Undefined variable: count in [/home/shishir/public_html/answers/app/views/tags/index.ctp, line 5]
2010-11-26 16:51:11 Notice: Notice (8): Undefined variable: count in [/home/shishir/public_html/answers/app/views/tags/index.ctp, line 9]
2010-11-26 16:51:19 Notice: Notice (8): Undefined variable: count in [/home/shishir/public_html/answers/app/views/tags/index.ctp, line 5]
2010-11-26 16:51:19 Notice: Notice (8): Undefined variable: count in [/home/shishir/public_html/answers/app/views/tags/index.ctp, line 9]
2010-11-26 16:51:50 Notice: Notice (8): Undefined variable: count in [/home/shishir/public_html/answers/app/views/tags/index.ctp, line 9]
2010-11-26 16:56:34 Notice: Notice (8): Undefined variable: count in [/home/shishir/public_html/answers/app/views/tags/index.ctp, line 9]
2010-11-26 16:59:00 Notice: Notice (8): Undefined variable: count in [/home/shishir/public_html/answers/app/views/tags/index.ctp, line 9]
2010-11-26 16:59:27 Notice: Notice (8): Undefined variable: count in [/home/shishir/public_html/answers/app/views/tags/index.ctp, line 9]
2010-11-26 17:03:23 Notice: Notice (8): Undefined variable: count in [/home/shishir/public_html/answers/app/views/tags/index.ctp, line 9]
2010-11-26 17:05:11 Notice: Notice (8): Undefined variable: count in [/home/shishir/public_html/answers/app/views/tags/index.ctp, line 9]
2010-11-26 17:07:56 Notice: Notice (8): Undefined offset:  0 in [/home/shishir/public_html/answers/app/views/tags/index.ctp, line 10]
2010-11-26 17:07:56 Notice: Notice (8): Undefined offset:  1 in [/home/shishir/public_html/answers/app/views/tags/index.ctp, line 10]
2010-11-27 10:23:58 Notice: Notice (8): Undefined variable: facebook in [/home/shishir/public_html/answers/app/views/layouts/default.ctp, line 3]
2010-11-27 10:27:55 Notice: Notice (8): Undefined variable: facebook in [/home/shishir/public_html/answers/app/views/layouts/default.ctp, line 3]
2010-11-27 10:27:56 Notice: Notice (8): Undefined variable: facebook in [/home/shishir/public_html/answers/app/views/layouts/default.ctp, line 3]
2010-11-27 10:27:57 Notice: Notice (8): Undefined variable: facebook in [/home/shishir/public_html/answers/app/views/layouts/default.ctp, line 3]
2010-11-27 10:27:58 Notice: Notice (8): Undefined variable: facebook in [/home/shishir/public_html/answers/app/views/layouts/default.ctp, line 3]
2010-11-27 10:28:43 Notice: Notice (8): Undefined variable: facebook in [/home/shishir/public_html/answers/app/views/layouts/default.ctp, line 3]
2010-11-27 10:28:44 Notice: Notice (8): Undefined variable: facebook in [/home/shishir/public_html/answers/app/views/layouts/default.ctp, line 3]
2010-11-27 10:29:12 Notice: Notice (8): Undefined variable: facebook in [/home/shishir/public_html/answers/app/views/layouts/default.ctp, line 3]
2010-11-27 10:29:13 Notice: Notice (8): Undefined variable: facebook in [/home/shishir/public_html/answers/app/views/layouts/default.ctp, line 3]
2010-11-27 10:56:35 Notice: Notice (8): Trying to get property of non-object in [/home/shishir/public_html/answers/app/vendors/Auth/OpenID/google_discovery.php, line 174]
2010-11-27 11:30:16 Notice: Notice (8): Object of class FacebookHelper to string conversion in [/home/shishir/public_html/answers/app/views/elements/topmenu.ctp, line 5]
2010-11-27 11:30:16 Notice: Notice (8): Undefined property: View::$Object in [/home/shishir/public_html/answers/app/views/elements/topmenu.ctp, line 5]
2010-11-27 11:47:22 Notice: Notice (8): Object of class FacebookHelper to string conversion in [/home/shishir/public_html/answers/app/views/elements/topmenu.ctp, line 5]
2010-11-27 11:47:22 Notice: Notice (8): Undefined property: View::$Object in [/home/shishir/public_html/answers/app/views/elements/topmenu.ctp, line 5]
2010-11-27 11:47:48 Notice: Notice (8): Undefined property: FacebookHelper::$me in [/home/shishir/public_html/answers/app/views/elements/topmenu.ctp, line 5]
2010-11-27 13:08:10 Notice: Notice (8): Undefined variable: fulldata in [/home/shishir/public_html/answers/app/views/questions/index.ctp, line 4]
2010-11-27 15:26:52 Notice: Notice (8): Undefined variable: tags in [/home/shishir/public_html/answers/app/views/questions/index.ctp, line 4]
2010-11-27 15:47:31 Notice: Notice (8): Undefined index:  QuestionsTag in [/home/shishir/public_html/answers/app/views/questions/index.ctp, line 24]
2010-11-27 15:47:31 Notice: Notice (8): Undefined index:  id in [/home/shishir/public_html/answers/app/views/questions/index.ctp, line 24]
2010-11-27 15:49:03 Notice: Notice (8): Undefined index:  QuestionsTag in [/home/shishir/public_html/answers/app/views/questions/index.ctp, line 24]
2010-11-27 15:52:17 Notice: Notice (8): Undefined offset:  2 in [/home/shishir/public_html/answers/app/views/questions/index.ctp, line 26]
2010-11-27 15:52:17 Notice: Notice (8): Undefined offset:  3 in [/home/shishir/public_html/answers/app/views/questions/index.ctp, line 26]
2010-11-27 15:54:31 Notice: Notice (8): Undefined offset:  2 in [/home/shishir/public_html/answers/app/views/questions/index.ctp, line 26]
2010-11-27 15:54:31 Notice: Notice (8): Undefined offset:  3 in [/home/shishir/public_html/answers/app/views/questions/index.ctp, line 26]
2010-11-27 15:54:44 Notice: Notice (8): Undefined offset:  2 in [/home/shishir/public_html/answers/app/views/questions/index.ctp, line 26]
2010-11-27 15:54:44 Notice: Notice (8): Undefined offset:  3 in [/home/shishir/public_html/answers/app/views/questions/index.ctp, line 26]
2010-11-27 15:57:48 Notice: Notice (8): Undefined index:  Question in [/home/shishir/public_html/answers/app/views/questions/index.ctp, line 26]
2010-11-27 15:57:48 Notice: Notice (8): Undefined variable: loop in [/home/shishir/public_html/answers/app/views/questions/index.ctp, line 26]
2010-11-27 15:58:20 Notice: Notice (8): Undefined index:  QuestionsTag in [/home/shishir/public_html/answers/app/views/questions/index.ctp, line 26]
2010-11-27 15:58:55 Notice: Notice (8): Undefined index:  QuestionsTag in [/home/shishir/public_html/answers/app/views/questions/index.ctp, line 26]
2010-11-27 17:03:59 Notice: Notice (8): Undefined index:  date in [/home/shishir/public_html/answers/app/views/questions/index.ctp, line 34]
2010-11-27 17:03:59 Notice: Notice (8): Undefined index:  date in [/home/shishir/public_html/answers/app/views/questions/index.ctp, line 66]
2010-11-27 17:04:05 Notice: Notice (8): Undefined index:  date in [/home/shishir/public_html/answers/app/views/questions/index.ctp, line 34]
2010-11-27 17:04:05 Notice: Notice (8): Undefined index:  date in [/home/shishir/public_html/answers/app/views/questions/index.ctp, line 66]
2010-11-27 17:04:31 Notice: Notice (8): Undefined index:  date in [/home/shishir/public_html/answers/app/views/questions/index.ctp, line 34]
2010-11-27 17:04:31 Notice: Notice (8): Undefined index:  date in [/home/shishir/public_html/answers/app/views/questions/index.ctp, line 66]
2010-11-27 17:04:42 Notice: Notice (8): Undefined index:  date in [/home/shishir/public_html/answers/app/views/questions/index.ctp, line 34]
2010-11-27 17:04:42 Notice: Notice (8): Undefined index:  date in [/home/shishir/public_html/answers/app/views/questions/index.ctp, line 66]
2010-11-27 17:25:00 Notice: Notice (8): Undefined variable: Html in [/home/shishir/public_html/answers/app/views/questions/index.ctp, line 37]
2010-11-27 17:25:02 Notice: Notice (8): Undefined variable: Html in [/home/shishir/public_html/answers/app/views/questions/index.ctp, line 37]
2010-11-27 17:38:34 Notice: Notice (8): Undefined index:  date in [/home/shishir/public_html/answers/app/views/users/view.ctp, line 156]
2010-11-27 17:38:34 Notice: Notice (8): Undefined index:  date in [/home/shishir/public_html/answers/app/views/users/view.ctp, line 201]
2010-11-27 17:38:40 Notice: Notice (8): Undefined index:  date in [/home/shishir/public_html/answers/app/views/questions/view.ctp, line 26]
2010-11-27 17:38:47 Notice: Notice (8): Undefined index:  date in [/home/shishir/public_html/answers/app/views/questions/unresolved.ctp, line 27]
2010-11-27 17:43:27 Notice: Notice (8): Undefined index:  date in [/home/shishir/public_html/answers/app/views/questions/unresolved.ctp, line 27]
2010-11-29 10:25:32 Notice: Notice (8): Undefined property: QuestionsController::$Paginator in [/home/shishir/public_html/answers/app/controllers/questions_controller.php, line 12]
2010-11-29 15:16:53 Notice: Notice (8): Undefined index:  date in [/home/shishir/public_html/answers/app/views/users/view.ctp, line 156]
2010-11-29 15:16:53 Notice: Notice (8): Undefined index:  date in [/home/shishir/public_html/answers/app/views/users/view.ctp, line 201]
2010-11-29 15:52:39 Notice: Notice (8): Undefined index:  date in [/home/shishir/public_html/answers/app/views/questions/unresolved.ctp, line 30]
2010-11-29 15:52:44 Notice: Notice (8): Undefined index:  date in [/home/shishir/public_html/answers/app/views/questions/unresolved.ctp, line 30]
2010-11-29 15:53:03 Notice: Notice (8): Undefined index:  date in [/home/shishir/public_html/answers/app/views/questions/unresolved.ctp, line 30]
2010-11-29 16:33:52 Notice: Notice (8): Undefined index:  date in [/home/shishir/public_html/answers/app/views/questions_tags/tagsearch.ctp, line 24]
2010-11-30 11:27:04 Notice: Notice (8): Undefined index:  date in [/home/shishir/public_html/answers/app/views/questions/view.ctp, line 26]
2010-11-30 14:38:36 Notice: Notice (8): Undefined variable: debug in [/home/shishir/public_html/answers/app/views/questions/index.ctp, line 31]
2010-11-30 14:51:36 Notice: Notice (8): Undefined index:  date in [/home/shishir/public_html/answers/app/views/answers/index.ctp, line 31]
2010-11-30 15:13:55 Notice: Notice (8): Undefined index:  Tag in [/home/shishir/public_html/answers/app/views/questions/index.ctp, line 46]
2010-11-30 15:15:56 Notice: Notice (8): Undefined variable: ans_count in [/home/shishir/public_html/answers/app/views/questions/index.ctp, line 11]
2010-11-30 15:16:52 Notice: Notice (8): Undefined variable: ans_count in [/home/shishir/public_html/answers/app/views/questions/index.ctp, line 11]
2010-11-30 15:16:52 Notice: Notice (8): Undefined index:  hits in [/home/shishir/public_html/answers/app/views/questions/index.ctp, line 36]
2010-11-30 15:17:27 Notice: Notice (8): Undefined variable: ans_count in [/home/shishir/public_html/answers/app/views/questions/index.ctp, line 11]
2010-11-30 15:17:37 Notice: Notice (8): Undefined variable: ans_count in [/home/shishir/public_html/answers/app/views/questions/index.ctp, line 11]
2010-11-30 15:17:50 Notice: Notice (8): Undefined variable: ans_count in [/home/shishir/public_html/answers/app/views/questions/index.ctp, line 11]
2010-11-30 15:18:36 Notice: Notice (8): Undefined variable: ans_count in [/home/shishir/public_html/answers/app/views/questions/index.ctp, line 11]
2010-11-30 15:23:38 Notice: Notice (8): Undefined variable: ans_count in [/home/shishir/public_html/answers/app/views/questions/index.ctp, line 11]
2010-11-30 16:48:33 Notice: Notice (8): Undefined index:  Title in [/home/shishir/public_html/answers/app/views/questions/view.ctp, line 2]
2010-12-02 15:50:31 Notice: Notice (8): Undefined index:  date in [/home/shishir/public_html/answers/app/views/questions_tags/tagsearch.ctp, line 24]
2010-12-02 18:06:15 Notice: Notice (8): Undefined index:  AnswersVote in [/home/shishir/public_html/answers/app/views/questions/view.ctp, line 53]
2010-12-02 18:12:43 Notice: Notice (8): Undefined index:  firstname in [/home/shishir/public_html/answers/app/views/questions/view.ctp, line 72]
2010-12-02 18:15:32 Notice: Notice (8): Undefined index:  firstname in [/home/shishir/public_html/answers/app/views/questions/view.ctp, line 72]
2010-12-02 18:17:33 Notice: Notice (8): Undefined index:  firstname in [/home/shishir/public_html/answers/app/views/questions/view.ctp, line 71]
2010-12-02 18:17:41 Notice: Notice (8): Undefined index:  firstname in [/home/shishir/public_html/answers/app/views/questions/view.ctp, line 71]
2010-12-02 18:21:25 Notice: Notice (8): Undefined index:  firstname in [/home/shishir/public_html/answers/app/views/questions/view.ctp, line 71]
2010-12-03 10:24:09 Notice: Notice (8): Undefined index:  date in [/home/shishir/public_html/answers/app/views/questions_tags/tagsearch.ctp, line 24]
2010-12-03 14:25:22 Notice: Notice (8): Use of undefined constant user_id - assumed 'user_id' in [/home/shishir/public_html/answers/app/views/questions/ask.ctp, line 2]
2010-12-03 14:46:06 Notice: Notice (8): Undefined property: QuestionsController::$date in [/home/shishir/public_html/answers/app/controllers/questions_controller.php, line 45]
2010-12-03 15:41:21 Notice: Notice (8): Undefined property: QuestionsController::$date in [/home/shishir/public_html/answers/app/controllers/questions_controller.php, line 45]
2010-12-03 17:07:00 Notice: Notice (8): Undefined variable: ajax in [/home/shishir/public_html/answers/app/views/questions/ask.ctp, line 14]
2010-12-03 18:34:50 Notice: Notice (8): Undefined index:  QuestionsVotes in [/home/shishir/public_html/answers/app/views/questions/index.ctp, line 27]
2010-12-03 18:44:45 Notice: Notice (8): Use of undefined constant update - assumed 'update' in [/home/shishir/public_html/answers/app/views/questions/view.ctp, line 12]
2010-12-03 18:44:45 Notice: Notice (8): Undefined property: View::$Auth in [/home/shishir/public_html/answers/app/views/questions/view.ctp, line 12]
2010-12-03 18:45:28 Notice: Notice (8): Undefined property: View::$Auth in [/home/shishir/public_html/answers/app/views/questions/view.ctp, line 12]
2010-12-03 18:45:30 Notice: Notice (8): Undefined property: View::$Auth in [/home/shishir/public_html/answers/app/views/questions/view.ctp, line 12]
2010-12-03 18:47:11 Notice: Notice (8): Undefined variable: user_id in [/home/shishir/public_html/answers/app/views/questions/view.ctp, line 12]
2010-12-03 18:47:11 Notice: Notice (8): Undefined variable: user_id in [/home/shishir/public_html/answers/app/views/questions/view.ctp, line 18]
2010-12-03 18:50:05 Notice: Notice (8): Undefined property: View::$Js in [/home/shishir/public_html/answers/app/views/layouts/default.ctp, line 56]
2010-12-03 19:17:25 Notice: Notice (8): Undefined property: View::$Js in [/home/shishir/public_html/answers/app/views/layouts/default.ctp, line 56]
2010-12-03 19:18:25 Notice: Notice (8): Undefined property: View::$Js in [/home/shishir/public_html/answers/app/views/layouts/default.ctp, line 56]
2010-12-03 19:18:37 Notice: Notice (8): Undefined property: View::$Js in [/home/shishir/public_html/answers/app/views/layouts/default.ctp, line 56]
2010-12-03 19:23:05 Notice: Notice (8): Undefined property: View::$Js in [/home/shishir/public_html/answers/app/views/layouts/default.ctp, line 56]
2010-12-03 19:23:10 Notice: Notice (8): Undefined property: View::$Js in [/home/shishir/public_html/answers/app/views/layouts/default.ctp, line 56]
2010-12-04 10:28:38 Notice: Notice (8): Undefined property: View::$Js in [/home/shishir/public_html/answers/app/views/layouts/default.ctp, line 56]
2010-12-04 11:02:58 Notice: Notice (8): Undefined property: View::$Js in [/home/shishir/public_html/answers/app/views/layouts/default.ctp, line 56]
2010-12-04 11:03:05 Notice: Notice (8): Undefined property: View::$Js in [/home/shishir/public_html/answers/app/views/layouts/default.ctp, line 56]
2010-12-04 11:03:13 Notice: Notice (8): Undefined property: View::$Js in [/home/shishir/public_html/answers/app/views/layouts/default.ctp, line 56]
2010-12-04 11:04:28 Notice: Notice (8): Undefined variable: vote_count in [/home/shishir/public_html/answers/app/views/questions_votes/up.ctp, line 1]
2010-12-04 12:08:47 Notice: Notice (8): Undefined index:  qid in [/home/shishir/public_html/answers/app/controllers/questions_votes_controller.php, line 22]
2010-12-04 12:08:47 Notice: Notice (8): Undefined index:  qid in [/home/shishir/public_html/answers/app/controllers/questions_votes_controller.php, line 31]
2010-12-04 12:08:47 Notice: Notice (8): Undefined variable: vote_count in [/home/shishir/public_html/answers/app/views/questions_votes/up.ctp, line 1]
2010-12-04 12:11:00 Notice: Notice (8): Undefined index:  qid in [/home/shishir/public_html/answers/app/controllers/questions_votes_controller.php, line 22]
2010-12-04 12:11:00 Notice: Notice (8): Undefined index:  qid in [/home/shishir/public_html/answers/app/controllers/questions_votes_controller.php, line 31]
2010-12-04 12:14:00 Notice: Notice (8): Undefined index:  qid in [/home/shishir/public_html/answers/app/controllers/questions_votes_controller.php, line 22]
2010-12-04 12:14:00 Notice: Notice (8): Undefined index:  qid in [/home/shishir/public_html/answers/app/controllers/questions_votes_controller.php, line 32]
2010-12-04 12:16:33 Notice: Notice (8): Undefined variable: debug in [/home/shishir/public_html/answers/app/controllers/questions_votes_controller.php, line 21]
2010-12-04 12:16:57 Notice: Notice (8): Undefined index:  qid in [/home/shishir/public_html/answers/app/controllers/questions_votes_controller.php, line 23]
2010-12-04 12:16:57 Notice: Notice (8): Undefined index:  qid in [/home/shishir/public_html/answers/app/controllers/questions_votes_controller.php, line 33]
2010-12-04 12:42:01 Notice: Notice (8): Undefined index:  qid in [/home/shishir/public_html/answers/app/controllers/questions_votes_controller.php, line 39]
2010-12-04 12:42:01 Notice: Notice (8): Undefined index:  qid in [/home/shishir/public_html/answers/app/controllers/questions_votes_controller.php, line 48]
2010-12-04 12:48:25 Notice: Notice (8): Undefined index:  qid in [/home/shishir/public_html/answers/app/controllers/questions_votes_controller.php, line 39]
2010-12-04 12:48:25 Notice: Notice (8): Undefined index:  qid in [/home/shishir/public_html/answers/app/controllers/questions_votes_controller.php, line 48]
2010-12-04 12:48:36 Notice: Notice (8): Undefined index:  qid in [/home/shishir/public_html/answers/app/controllers/questions_votes_controller.php, line 39]
2010-12-04 12:48:36 Notice: Notice (8): Undefined index:  qid in [/home/shishir/public_html/answers/app/controllers/questions_votes_controller.php, line 48]
2010-12-04 12:48:45 Notice: Notice (8): Undefined index:  qid in [/home/shishir/public_html/answers/app/controllers/questions_votes_controller.php, line 39]
2010-12-04 12:48:45 Notice: Notice (8): Undefined index:  qid in [/home/shishir/public_html/answers/app/controllers/questions_votes_controller.php, line 48]
2010-12-04 12:50:13 Notice: Notice (8): Undefined index:  uid in [/home/shishir/public_html/answers/app/controllers/questions_votes_controller.php, line 38]
2010-12-04 12:50:13 Notice: Notice (8): Undefined index:  qid in [/home/shishir/public_html/answers/app/controllers/questions_votes_controller.php, line 39]
2010-12-04 12:55:49 Notice: Notice (8): Undefined index:  uid in [/home/shishir/public_html/answers/app/controllers/questions_votes_controller.php, line 40]
2010-12-04 12:55:49 Notice: Notice (8): Undefined index:  qid in [/home/shishir/public_html/answers/app/controllers/questions_votes_controller.php, line 41]
2010-12-04 12:55:52 Notice: Notice (8): Undefined index:  uid in [/home/shishir/public_html/answers/app/controllers/questions_votes_controller.php, line 40]
2010-12-04 12:55:52 Notice: Notice (8): Undefined index:  qid in [/home/shishir/public_html/answers/app/controllers/questions_votes_controller.php, line 41]
2010-12-04 12:55:57 Notice: Notice (8): Undefined index:  uid in [/home/shishir/public_html/answers/app/controllers/questions_votes_controller.php, line 40]
2010-12-04 12:55:57 Notice: Notice (8): Undefined index:  qid in [/home/shishir/public_html/answers/app/controllers/questions_votes_controller.php, line 41]
2010-12-04 12:56:04 Notice: Notice (8): Undefined index:  uid in [/home/shishir/public_html/answers/app/controllers/questions_votes_controller.php, line 40]
2010-12-04 12:56:04 Notice: Notice (8): Undefined index:  qid in [/home/shishir/public_html/answers/app/controllers/questions_votes_controller.php, line 41]
2010-12-04 14:38:58 Notice: Notice (8): Undefined property: View::$Js in [/home/shishir/public_html/answers/app/views/layouts/default.ctp, line 56]
2010-12-04 14:53:28 Notice: Notice (8): Undefined property: View::$Js in [/home/shishir/public_html/answers/app/views/layouts/default.ctp, line 56]
2010-12-04 15:01:54 Notice: Notice (8): Undefined variable: qhelper in [/home/shishir/public_html/answers/app/views/elements/up.ctp, line 1]
2010-12-04 15:01:59 Notice: Notice (8): Undefined variable: qhelper in [/home/shishir/public_html/answers/app/views/elements/up.ctp, line 1]
2010-12-04 15:02:35 Notice: Notice (8): Undefined variable: qhelper in [/home/shishir/public_html/answers/app/views/elements/up.ctp, line 1]
2010-12-04 15:02:39 Notice: Notice (8): Undefined variable: qhelper in [/home/shishir/public_html/answers/app/views/elements/up.ctp, line 1]
2010-12-04 15:09:08 Notice: Notice (8): Undefined property: QuestionsVotesController::$Js in [/home/shishir/public_html/answers/app/controllers/questions_votes_controller.php, line 27]
2010-12-04 15:10:50 Notice: Notice (8): Undefined variable: qhelper in [/home/shishir/public_html/answers/app/views/elements/up.ctp, line 1]
2010-12-04 15:11:10 Notice: Notice (8): Undefined variable: qhelper in [/home/shishir/public_html/answers/app/views/elements/down.ctp, line 1]
2010-12-04 15:13:09 Notice: Notice (8): Undefined variable: qhelper in [/home/shishir/public_html/answers/app/views/elements/up.ctp, line 1]
2010-12-04 15:18:27 Notice: Notice (8): Undefined property: QuestionsVotesController::$Js in [/home/shishir/public_html/answers/app/controllers/questions_votes_controller.php, line 27]
2010-12-04 15:19:45 Notice: Notice (8): Undefined property: QuestionsVotesController::$Js in [/home/shishir/public_html/answers/app/controllers/questions_votes_controller.php, line 27]
2010-12-04 15:30:21 Notice: Notice (8): Undefined property: QuestionsVotesController::$Js in [/home/shishir/public_html/answers/app/controllers/questions_votes_controller.php, line 27]
2010-12-04 15:32:01 Notice: Notice (8): Undefined property: QuestionsVotesController::$Js in [/home/shishir/public_html/answers/app/controllers/questions_votes_controller.php, line 27]
2010-12-04 15:32:48 Notice: Notice (8): Undefined variable: qhelper in [/home/shishir/public_html/answers/app/views/elements/down.ctp, line 1]
2010-12-04 15:32:53 Notice: Notice (8): Undefined variable: qhelper in [/home/shishir/public_html/answers/app/views/elements/down.ctp, line 1]
2010-12-04 15:33:10 Notice: Notice (8): Undefined variable: qhelper in [/home/shishir/public_html/answers/app/views/elements/down.ctp, line 1]
2010-12-04 15:33:40 Notice: Notice (8): Undefined variable: qhelper in [/home/shishir/public_html/answers/app/views/elements/down.ctp, line 1]
2010-12-04 15:33:42 Notice: Notice (8): Undefined property: QuestionsVotesController::$Js in [/home/shishir/public_html/answers/app/controllers/questions_votes_controller.php, line 27]
2010-12-04 15:36:25 Notice: Notice (8): Undefined variable: qhelper in [/home/shishir/public_html/answers/app/views/elements/down.ctp, line 1]
2010-12-04 15:38:45 Notice: Notice (8): Undefined property: QuestionsVotesController::$Js in [/home/shishir/public_html/answers/app/controllers/questions_votes_controller.php, line 27]
2010-12-04 15:51:35 Notice: Notice (8): Undefined property: QuestionsVotesController::$Js in [/home/shishir/public_html/answers/app/controllers/questions_votes_controller.php, line 27]
2010-12-04 16:06:53 Notice: Notice (8): Undefined variable: user in [/home/shishir/public_html/answers/app/views/users/index.ctp, line 22]
2010-12-04 16:06:53 Notice: Notice (8): Undefined variable: user in [/home/shishir/public_html/answers/app/views/users/index.ctp, line 22]
2010-12-04 16:06:53 Notice: Notice (8): Undefined variable: user in [/home/shishir/public_html/answers/app/views/users/index.ctp, line 22]
2010-12-04 16:06:53 Notice: Notice (8): Undefined variable: user in [/home/shishir/public_html/answers/app/views/users/index.ctp, line 22]
2010-12-04 16:12:00 Notice: Notice (8): Undefined variable: user in [/home/shishir/public_html/answers/app/views/users/index.ctp, line 25]
2010-12-04 16:12:00 Notice: Notice (8): Undefined variable: user in [/home/shishir/public_html/answers/app/views/users/index.ctp, line 25]
2010-12-04 16:12:00 Notice: Notice (8): Undefined variable: user in [/home/shishir/public_html/answers/app/views/users/index.ctp, line 25]
2010-12-04 16:12:00 Notice: Notice (8): Undefined variable: user in [/home/shishir/public_html/answers/app/views/users/index.ctp, line 25]
2010-12-04 16:19:38 Notice: Notice (8): Undefined variable: user in [/home/shishir/public_html/answers/app/views/users/index.ctp, line 22]
2010-12-04 16:19:38 Notice: Notice (8): Undefined variable: user in [/home/shishir/public_html/answers/app/views/users/index.ctp, line 22]
2010-12-04 16:19:38 Notice: Notice (8): Undefined variable: user in [/home/shishir/public_html/answers/app/views/users/index.ctp, line 22]
2010-12-04 16:19:38 Notice: Notice (8): Undefined variable: user in [/home/shishir/public_html/answers/app/views/users/index.ctp, line 22]
2010-12-04 16:22:48 Notice: Notice (8): Undefined variable: user in [/home/shishir/public_html/answers/app/views/users/index.ctp, line 22]
2010-12-04 16:22:48 Notice: Notice (8): Undefined variable: user in [/home/shishir/public_html/answers/app/views/users/index.ctp, line 24]
2010-12-04 16:22:48 Notice: Notice (8): Undefined variable: user in [/home/shishir/public_html/answers/app/views/users/index.ctp, line 22]
2010-12-04 16:22:48 Notice: Notice (8): Undefined variable: user in [/home/shishir/public_html/answers/app/views/users/index.ctp, line 24]
2010-12-04 16:22:48 Notice: Notice (8): Undefined variable: user in [/home/shishir/public_html/answers/app/views/users/index.ctp, line 22]
2010-12-04 16:22:48 Notice: Notice (8): Undefined variable: user in [/home/shishir/public_html/answers/app/views/users/index.ctp, line 24]
2010-12-04 16:22:48 Notice: Notice (8): Undefined variable: user in [/home/shishir/public_html/answers/app/views/users/index.ctp, line 22]
2010-12-04 16:22:48 Notice: Notice (8): Undefined variable: user in [/home/shishir/public_html/answers/app/views/users/index.ctp, line 24]
2010-12-04 16:23:08 Notice: Notice (8): Undefined variable: user in [/home/shishir/public_html/answers/app/views/users/index.ctp, line 22]
2010-12-04 16:23:08 Notice: Notice (8): Undefined variable: user in [/home/shishir/public_html/answers/app/views/users/index.ctp, line 24]
2010-12-04 16:23:08 Notice: Notice (8): Undefined variable: user in [/home/shishir/public_html/answers/app/views/users/index.ctp, line 22]
2010-12-04 16:23:08 Notice: Notice (8): Undefined variable: user in [/home/shishir/public_html/answers/app/views/users/index.ctp, line 24]
2010-12-04 16:23:08 Notice: Notice (8): Undefined variable: user in [/home/shishir/public_html/answers/app/views/users/index.ctp, line 22]
2010-12-04 16:23:08 Notice: Notice (8): Undefined variable: user in [/home/shishir/public_html/answers/app/views/users/index.ctp, line 24]
2010-12-04 16:23:08 Notice: Notice (8): Undefined variable: user in [/home/shishir/public_html/answers/app/views/users/index.ctp, line 22]
2010-12-04 16:23:08 Notice: Notice (8): Undefined variable: user in [/home/shishir/public_html/answers/app/views/users/index.ctp, line 24]
2010-12-04 16:24:14 Notice: Notice (8): Undefined variable: user in [/home/shishir/public_html/answers/app/views/users/index.ctp, line 22]
2010-12-04 16:24:14 Notice: Notice (8): Undefined variable: user in [/home/shishir/public_html/answers/app/views/users/index.ctp, line 24]
2010-12-04 16:24:14 Notice: Notice (8): Undefined variable: user in [/home/shishir/public_html/answers/app/views/users/index.ctp, line 22]
2010-12-04 16:24:14 Notice: Notice (8): Undefined variable: user in [/home/shishir/public_html/answers/app/views/users/index.ctp, line 24]
2010-12-04 16:24:14 Notice: Notice (8): Undefined variable: user in [/home/shishir/public_html/answers/app/views/users/index.ctp, line 22]
2010-12-04 16:24:14 Notice: Notice (8): Undefined variable: user in [/home/shishir/public_html/answers/app/views/users/index.ctp, line 24]
2010-12-04 16:24:14 Notice: Notice (8): Undefined variable: user in [/home/shishir/public_html/answers/app/views/users/index.ctp, line 22]
2010-12-04 16:24:14 Notice: Notice (8): Undefined variable: user in [/home/shishir/public_html/answers/app/views/users/index.ctp, line 24]
2010-12-04 16:24:30 Notice: Notice (8): Undefined variable: user in [/home/shishir/public_html/answers/app/views/users/index.ctp, line 22]
2010-12-04 16:24:30 Notice: Notice (8): Undefined variable: user in [/home/shishir/public_html/answers/app/views/users/index.ctp, line 24]
2010-12-04 16:24:30 Notice: Notice (8): Undefined variable: user in [/home/shishir/public_html/answers/app/views/users/index.ctp, line 22]
2010-12-04 16:24:30 Notice: Notice (8): Undefined variable: user in [/home/shishir/public_html/answers/app/views/users/index.ctp, line 24]
2010-12-04 16:24:30 Notice: Notice (8): Undefined variable: user in [/home/shishir/public_html/answers/app/views/users/index.ctp, line 22]
2010-12-04 16:24:30 Notice: Notice (8): Undefined variable: user in [/home/shishir/public_html/answers/app/views/users/index.ctp, line 24]
2010-12-04 16:24:30 Notice: Notice (8): Undefined variable: user in [/home/shishir/public_html/answers/app/views/users/index.ctp, line 22]
2010-12-04 16:24:30 Notice: Notice (8): Undefined variable: user in [/home/shishir/public_html/answers/app/views/users/index.ctp, line 24]
2010-12-04 16:24:43 Notice: Notice (8): Undefined variable: user in [/home/shishir/public_html/answers/app/views/users/index.ctp, line 22]
2010-12-04 16:24:43 Notice: Notice (8): Undefined variable: user in [/home/shishir/public_html/answers/app/views/users/index.ctp, line 24]
2010-12-04 16:24:43 Notice: Notice (8): Undefined variable: user in [/home/shishir/public_html/answers/app/views/users/index.ctp, line 22]
2010-12-04 16:24:43 Notice: Notice (8): Undefined variable: user in [/home/shishir/public_html/answers/app/views/users/index.ctp, line 24]
2010-12-04 16:24:43 Notice: Notice (8): Undefined variable: user in [/home/shishir/public_html/answers/app/views/users/index.ctp, line 22]
2010-12-04 16:24:43 Notice: Notice (8): Undefined variable: user in [/home/shishir/public_html/answers/app/views/users/index.ctp, line 24]
2010-12-04 16:24:43 Notice: Notice (8): Undefined variable: user in [/home/shishir/public_html/answers/app/views/users/index.ctp, line 22]
2010-12-04 16:24:43 Notice: Notice (8): Undefined variable: user in [/home/shishir/public_html/answers/app/views/users/index.ctp, line 24]
2010-12-04 16:24:54 Notice: Notice (8): Undefined variable: user in [/home/shishir/public_html/answers/app/views/users/index.ctp, line 22]
2010-12-04 16:24:54 Notice: Notice (8): Undefined variable: user in [/home/shishir/public_html/answers/app/views/users/index.ctp, line 24]
2010-12-04 16:24:54 Notice: Notice (8): Undefined variable: user in [/home/shishir/public_html/answers/app/views/users/index.ctp, line 22]
2010-12-04 16:24:54 Notice: Notice (8): Undefined variable: user in [/home/shishir/public_html/answers/app/views/users/index.ctp, line 24]
2010-12-04 16:24:54 Notice: Notice (8): Undefined variable: user in [/home/shishir/public_html/answers/app/views/users/index.ctp, line 22]
2010-12-04 16:24:54 Notice: Notice (8): Undefined variable: user in [/home/shishir/public_html/answers/app/views/users/index.ctp, line 24]
2010-12-04 16:24:54 Notice: Notice (8): Undefined variable: user in [/home/shishir/public_html/answers/app/views/users/index.ctp, line 22]
2010-12-04 16:24:54 Notice: Notice (8): Undefined variable: user in [/home/shishir/public_html/answers/app/views/users/index.ctp, line 24]
2010-12-04 16:26:00 Notice: Notice (8): Undefined variable: user in [/home/shishir/public_html/answers/app/views/users/index.ctp, line 22]
2010-12-04 16:26:00 Notice: Notice (8): Undefined variable: user in [/home/shishir/public_html/answers/app/views/users/index.ctp, line 24]
2010-12-04 16:26:00 Notice: Notice (8): Undefined variable: user in [/home/shishir/public_html/answers/app/views/users/index.ctp, line 31]
2010-12-04 16:26:00 Notice: Notice (8): Undefined variable: user in [/home/shishir/public_html/answers/app/views/users/index.ctp, line 31]
2010-12-04 16:26:00 Notice: Notice (8): Undefined variable: user in [/home/shishir/public_html/answers/app/views/users/index.ctp, line 22]
2010-12-04 16:26:00 Notice: Notice (8): Undefined variable: user in [/home/shishir/public_html/answers/app/views/users/index.ctp, line 24]
2010-12-04 16:26:00 Notice: Notice (8): Undefined variable: user in [/home/shishir/public_html/answers/app/views/users/index.ctp, line 31]
2010-12-04 16:26:00 Notice: Notice (8): Undefined variable: user in [/home/shishir/public_html/answers/app/views/users/index.ctp, line 31]
2010-12-04 16:26:00 Notice: Notice (8): Undefined variable: user in [/home/shishir/public_html/answers/app/views/users/index.ctp, line 22]
2010-12-04 16:26:00 Notice: Notice (8): Undefined variable: user in [/home/shishir/public_html/answers/app/views/users/index.ctp, line 24]
2010-12-04 16:26:00 Notice: Notice (8): Undefined variable: user in [/home/shishir/public_html/answers/app/views/users/index.ctp, line 31]
2010-12-04 16:26:00 Notice: Notice (8): Undefined variable: user in [/home/shishir/public_html/answers/app/views/users/index.ctp, line 31]
2010-12-04 16:26:00 Notice: Notice (8): Undefined variable: user in [/home/shishir/public_html/answers/app/views/users/index.ctp, line 22]
2010-12-04 16:26:00 Notice: Notice (8): Undefined variable: user in [/home/shishir/public_html/answers/app/views/users/index.ctp, line 24]
2010-12-04 16:26:00 Notice: Notice (8): Undefined variable: user in [/home/shishir/public_html/answers/app/views/users/index.ctp, line 31]
2010-12-04 16:26:00 Notice: Notice (8): Undefined variable: user in [/home/shishir/public_html/answers/app/views/users/index.ctp, line 31]
2010-12-04 16:26:13 Notice: Notice (8): Undefined variable: user in [/home/shishir/public_html/answers/app/views/users/index.ctp, line 22]
2010-12-04 16:26:13 Notice: Notice (8): Undefined variable: user in [/home/shishir/public_html/answers/app/views/users/index.ctp, line 24]
2010-12-04 16:26:13 Notice: Notice (8): Undefined variable: user in [/home/shishir/public_html/answers/app/views/users/index.ctp, line 31]
2010-12-04 16:26:13 Notice: Notice (8): Undefined variable: user in [/home/shishir/public_html/answers/app/views/users/index.ctp, line 31]
2010-12-04 16:26:13 Notice: Notice (8): Undefined variable: user in [/home/shishir/public_html/answers/app/views/users/index.ctp, line 22]
2010-12-04 16:26:13 Notice: Notice (8): Undefined variable: user in [/home/shishir/public_html/answers/app/views/users/index.ctp, line 24]
2010-12-04 16:26:13 Notice: Notice (8): Undefined variable: user in [/home/shishir/public_html/answers/app/views/users/index.ctp, line 31]
2010-12-04 16:26:13 Notice: Notice (8): Undefined variable: user in [/home/shishir/public_html/answers/app/views/users/index.ctp, line 31]
2010-12-04 16:26:13 Notice: Notice (8): Undefined variable: user in [/home/shishir/public_html/answers/app/views/users/index.ctp, line 22]
2010-12-04 16:26:13 Notice: Notice (8): Undefined variable: user in [/home/shishir/public_html/answers/app/views/users/index.ctp, line 24]
2010-12-04 16:26:13 Notice: Notice (8): Undefined variable: user in [/home/shishir/public_html/answers/app/views/users/index.ctp, line 31]
2010-12-04 16:26:13 Notice: Notice (8): Undefined variable: user in [/home/shishir/public_html/answers/app/views/users/index.ctp, line 31]
2010-12-04 16:26:13 Notice: Notice (8): Undefined variable: user in [/home/shishir/public_html/answers/app/views/users/index.ctp, line 22]
2010-12-04 16:26:13 Notice: Notice (8): Undefined variable: user in [/home/shishir/public_html/answers/app/views/users/index.ctp, line 24]
2010-12-04 16:26:13 Notice: Notice (8): Undefined variable: user in [/home/shishir/public_html/answers/app/views/users/index.ctp, line 31]
2010-12-04 16:26:13 Notice: Notice (8): Undefined variable: user in [/home/shishir/public_html/answers/app/views/users/index.ctp, line 31]
2010-12-04 16:26:43 Notice: Notice (8): Undefined variable: user in [/home/shishir/public_html/answers/app/views/users/index.ctp, line 22]
2010-12-04 16:26:43 Notice: Notice (8): Undefined variable: user in [/home/shishir/public_html/answers/app/views/users/index.ctp, line 24]
2010-12-04 16:26:43 Notice: Notice (8): Undefined variable: user in [/home/shishir/public_html/answers/app/views/users/index.ctp, line 31]
2010-12-04 16:26:43 Notice: Notice (8): Undefined variable: user in [/home/shishir/public_html/answers/app/views/users/index.ctp, line 31]
2010-12-04 16:26:43 Notice: Notice (8): Undefined variable: user in [/home/shishir/public_html/answers/app/views/users/index.ctp, line 22]
2010-12-04 16:26:43 Notice: Notice (8): Undefined variable: user in [/home/shishir/public_html/answers/app/views/users/index.ctp, line 24]
2010-12-04 16:26:43 Notice: Notice (8): Undefined variable: user in [/home/shishir/public_html/answers/app/views/users/index.ctp, line 31]
2010-12-04 16:26:43 Notice: Notice (8): Undefined variable: user in [/home/shishir/public_html/answers/app/views/users/index.ctp, line 31]
2010-12-04 16:26:43 Notice: Notice (8): Undefined variable: user in [/home/shishir/public_html/answers/app/views/users/index.ctp, line 22]
2010-12-04 16:26:43 Notice: Notice (8): Undefined variable: user in [/home/shishir/public_html/answers/app/views/users/index.ctp, line 24]
2010-12-04 16:26:43 Notice: Notice (8): Undefined variable: user in [/home/shishir/public_html/answers/app/views/users/index.ctp, line 31]
2010-12-04 16:26:43 Notice: Notice (8): Undefined variable: user in [/home/shishir/public_html/answers/app/views/users/index.ctp, line 31]
2010-12-04 16:26:43 Notice: Notice (8): Undefined variable: user in [/home/shishir/public_html/answers/app/views/users/index.ctp, line 22]
2010-12-04 16:26:43 Notice: Notice (8): Undefined variable: user in [/home/shishir/public_html/answers/app/views/users/index.ctp, line 24]
2010-12-04 16:26:43 Notice: Notice (8): Undefined variable: user in [/home/shishir/public_html/answers/app/views/users/index.ctp, line 31]
2010-12-04 16:26:43 Notice: Notice (8): Undefined variable: user in [/home/shishir/public_html/answers/app/views/users/index.ctp, line 31]
2010-12-04 16:26:59 Notice: Notice (8): Undefined variable: user in [/home/shishir/public_html/answers/app/views/users/index.ctp, line 22]
2010-12-04 16:26:59 Notice: Notice (8): Undefined variable: user in [/home/shishir/public_html/answers/app/views/users/index.ctp, line 24]
2010-12-04 16:26:59 Notice: Notice (8): Undefined variable: user in [/home/shishir/public_html/answers/app/views/users/index.ctp, line 31]
2010-12-04 16:47:25 Notice: Notice (8): Undefined index:  date in [/home/shishir/public_html/answers/app/views/users/view.ctp, line 156]
2010-12-04 16:47:25 Notice: Notice (8): Undefined property: View::$Js in [/home/shishir/public_html/answers/app/views/layouts/default.ctp, line 57]
2010-12-04 16:52:21 Notice: Notice (8): Undefined property: QuestionsVotesController::$Js in [/home/shishir/public_html/answers/app/controllers/questions_votes_controller.php, line 27]
2010-12-04 16:53:37 Notice: Notice (8): Undefined property: QuestionsVotesController::$Js in [/home/shishir/public_html/answers/app/controllers/questions_votes_controller.php, line 28]
2010-12-04 16:54:30 Notice: Notice (8): Undefined variable: qhelper in [/home/shishir/public_html/answers/app/views/elements/down.ctp, line 1]
2010-12-04 16:54:45 Notice: Notice (8): Undefined property: QuestionsVotesController::$Js in [/home/shishir/public_html/answers/app/controllers/questions_votes_controller.php, line 28]
2010-12-04 16:55:37 Notice: Notice (8): Undefined variable: qhelper in [/home/shishir/public_html/answers/app/views/elements/up.ctp, line 1]
2010-12-04 16:56:15 Notice: Notice (8): Undefined variable: qhelper in [/home/shishir/public_html/answers/app/views/elements/up.ctp, line 1]
2010-12-04 16:57:38 Notice: Notice (8): Undefined variable: qhelper in [/home/shishir/public_html/answers/app/views/elements/down.ctp, line 1]
2010-12-04 16:58:17 Notice: Notice (8): Undefined property: View::$Js in [/home/shishir/public_html/answers/app/views/layouts/default.ctp, line 57]
2010-12-04 16:59:16 Notice: Notice (8): Undefined property: View::$Js in [/home/shishir/public_html/answers/app/views/layouts/default.ctp, line 57]
2010-12-04 17:00:04 Notice: Notice (8): Undefined property: View::$Js in [/home/shishir/public_html/answers/app/views/layouts/default.ctp, line 57]
2010-12-04 17:00:08 Notice: Notice (8): Undefined property: View::$Js in [/home/shishir/public_html/answers/app/views/layouts/default.ctp, line 57]
2010-12-04 17:00:11 Notice: Notice (8): Undefined property: View::$Js in [/home/shishir/public_html/answers/app/views/layouts/default.ctp, line 57]
2010-12-04 17:00:14 Notice: Notice (8): Undefined property: View::$Js in [/home/shishir/public_html/answers/app/views/layouts/default.ctp, line 57]
2010-12-04 17:00:23 Notice: Notice (8): Undefined property: View::$Js in [/home/shishir/public_html/answers/app/views/layouts/default.ctp, line 57]
2010-12-04 17:00:28 Notice: Notice (8): Undefined property: View::$Js in [/home/shishir/public_html/answers/app/views/layouts/default.ctp, line 57]
2010-12-04 17:03:49 Notice: Notice (8): Undefined property: View::$Js in [/home/shishir/public_html/answers/app/views/layouts/default.ctp, line 57]
2010-12-04 17:06:05 Notice: Notice (8): Undefined index:  action in [/home/shishir/public_html/answers/app/views/helpers/qhelper.php, line 10]
2010-12-04 17:06:10 Notice: Notice (8): Undefined index:  action in [/home/shishir/public_html/answers/app/views/helpers/qhelper.php, line 10]
2010-12-04 17:06:19 Notice: Notice (8): Undefined index:  action in [/home/shishir/public_html/answers/app/views/helpers/qhelper.php, line 10]
2010-12-04 17:06:28 Notice: Notice (8): Undefined index:  action in [/home/shishir/public_html/answers/app/views/helpers/qhelper.php, line 10]
2010-12-04 17:10:05 Notice: Notice (8): Undefined index:  action in [/home/shishir/public_html/answers/app/views/helpers/qhelper.php, line 10]
2010-12-04 17:10:56 Notice: Notice (8): Undefined index:  action in [/home/shishir/public_html/answers/app/views/helpers/qhelper.php, line 10]
2010-12-04 17:14:22 Notice: Notice (8): Undefined index:  type in [/home/shishir/public_html/answers/app/views/helpers/qhelper.php, line 10]
2010-12-04 17:14:28 Notice: Notice (8): Undefined index:  type in [/home/shishir/public_html/answers/app/views/helpers/qhelper.php, line 10]
2010-12-04 17:15:20 Notice: Notice (8): Undefined index:  type in [/home/shishir/public_html/answers/app/views/helpers/qhelper.php, line 11]
2010-12-04 17:18:14 Notice: Notice (8): Undefined index:  type in [/home/shishir/public_html/answers/app/views/helpers/qhelper.php, line 10]
2010-12-04 17:18:22 Notice: Notice (8): Undefined index:  type in [/home/shishir/public_html/answers/app/views/helpers/qhelper.php, line 10]
2010-12-04 17:18:28 Notice: Notice (8): Undefined index:  type in [/home/shishir/public_html/answers/app/views/helpers/qhelper.php, line 10]
2010-12-04 17:18:30 Notice: Notice (8): Undefined index:  type in [/home/shishir/public_html/answers/app/views/helpers/qhelper.php, line 10]
2010-12-04 17:18:37 Notice: Notice (8): Undefined index:  type in [/home/shishir/public_html/answers/app/views/helpers/qhelper.php, line 10]
2010-12-04 17:18:55 Notice: Notice (8): Undefined index:  type in [/home/shishir/public_html/answers/app/views/helpers/qhelper.php, line 10]
2010-12-04 17:19:57 Notice: Notice (8): Undefined index:  type in [/home/shishir/public_html/answers/app/views/helpers/qhelper.php, line 10]
2010-12-04 17:20:43 Notice: Notice (8): Undefined index:  type in [/home/shishir/public_html/answers/app/views/helpers/qhelper.php, line 10]
2010-12-04 17:20:46 Notice: Notice (8): Undefined index:  type in [/home/shishir/public_html/answers/app/views/helpers/qhelper.php, line 10]
2010-12-04 17:20:47 Notice: Notice (8): Undefined index:  type in [/home/shishir/public_html/answers/app/views/helpers/qhelper.php, line 10]
2010-12-04 17:20:49 Notice: Notice (8): Undefined index:  type in [/home/shishir/public_html/answers/app/views/helpers/qhelper.php, line 10]
2010-12-04 17:20:51 Notice: Notice (8): Undefined index:  type in [/home/shishir/public_html/answers/app/views/helpers/qhelper.php, line 10]
2010-12-04 17:20:56 Notice: Notice (8): Undefined index:  type in [/home/shishir/public_html/answers/app/views/helpers/qhelper.php, line 10]
2010-12-04 17:21:01 Notice: Notice (8): Undefined index:  type in [/home/shishir/public_html/answers/app/views/helpers/qhelper.php, line 10]
2010-12-04 17:23:13 Notice: Notice (8): Undefined index:  type in [/home/shishir/public_html/answers/app/views/helpers/qhelper.php, line 10]
2010-12-04 17:25:14 Notice: Notice (8): Undefined index:  type in [/home/shishir/public_html/answers/app/views/helpers/qhelper.php, line 12]
2010-12-04 17:25:14 Notice: Notice (8): Undefined index:  type in [/home/shishir/public_html/answers/app/views/helpers/qhelper.php, line 16]
2010-12-04 17:27:10 Notice: Notice (8): Undefined index:  type in [/home/shishir/public_html/answers/app/views/helpers/qhelper.php, line 12]
2010-12-04 17:27:10 Notice: Notice (8): Undefined index:  type in [/home/shishir/public_html/answers/app/views/helpers/qhelper.php, line 16]
2010-12-04 17:27:34 Notice: Notice (8): Undefined index:  type in [/home/shishir/public_html/answers/app/views/helpers/qhelper.php, line 12]
2010-12-04 17:27:34 Notice: Notice (8): Undefined index:  type in [/home/shishir/public_html/answers/app/views/helpers/qhelper.php, line 16]
2010-12-04 17:29:40 Notice: Notice (8): Undefined index:  type in [/home/shishir/public_html/answers/app/views/helpers/qhelper.php, line 12]
2010-12-04 17:29:40 Notice: Notice (8): Undefined index:  type in [/home/shishir/public_html/answers/app/views/helpers/qhelper.php, line 14]
2010-12-04 17:29:51 Notice: Notice (8): Undefined index:  type in [/home/shishir/public_html/answers/app/views/helpers/qhelper.php, line 12]
2010-12-04 17:29:51 Notice: Notice (8): Undefined index:  type in [/home/shishir/public_html/answers/app/views/helpers/qhelper.php, line 14]
2010-12-04 17:29:51 Notice: Notice (8): Undefined index:  type in [/home/shishir/public_html/answers/app/views/helpers/qhelper.php, line 12]
2010-12-04 17:29:51 Notice: Notice (8): Undefined index:  type in [/home/shishir/public_html/answers/app/views/helpers/qhelper.php, line 14]
2010-12-04 17:29:51 Notice: Notice (8): Undefined index:  type in [/home/shishir/public_html/answers/app/views/helpers/qhelper.php, line 12]
2010-12-04 17:29:51 Notice: Notice (8): Undefined index:  type in [/home/shishir/public_html/answers/app/views/helpers/qhelper.php, line 14]
2010-12-04 17:29:53 Notice: Notice (8): Undefined index:  type in [/home/shishir/public_html/answers/app/views/helpers/qhelper.php, line 12]
2010-12-04 17:29:53 Notice: Notice (8): Undefined index:  type in [/home/shishir/public_html/answers/app/views/helpers/qhelper.php, line 14]
2010-12-04 17:29:53 Notice: Notice (8): Undefined index:  type in [/home/shishir/public_html/answers/app/views/helpers/qhelper.php, line 12]
2010-12-04 17:29:53 Notice: Notice (8): Undefined index:  type in [/home/shishir/public_html/answers/app/views/helpers/qhelper.php, line 14]
2010-12-04 17:29:54 Notice: Notice (8): Undefined index:  type in [/home/shishir/public_html/answers/app/views/helpers/qhelper.php, line 12]
2010-12-04 17:29:54 Notice: Notice (8): Undefined index:  type in [/home/shishir/public_html/answers/app/views/helpers/qhelper.php, line 14]
2010-12-04 17:29:54 Notice: Notice (8): Undefined index:  type in [/home/shishir/public_html/answers/app/views/helpers/qhelper.php, line 12]
2010-12-04 17:29:54 Notice: Notice (8): Undefined index:  type in [/home/shishir/public_html/answers/app/views/helpers/qhelper.php, line 14]
2010-12-04 17:29:55 Notice: Notice (8): Undefined index:  type in [/home/shishir/public_html/answers/app/views/helpers/qhelper.php, line 12]
2010-12-04 17:29:55 Notice: Notice (8): Undefined index:  type in [/home/shishir/public_html/answers/app/views/helpers/qhelper.php, line 14]
2010-12-04 17:29:55 Notice: Notice (8): Undefined index:  type in [/home/shishir/public_html/answers/app/views/helpers/qhelper.php, line 12]
2010-12-04 17:29:55 Notice: Notice (8): Undefined index:  type in [/home/shishir/public_html/answers/app/views/helpers/qhelper.php, line 14]
2010-12-04 17:29:56 Notice: Notice (8): Undefined index:  type in [/home/shishir/public_html/answers/app/views/helpers/qhelper.php, line 12]
2010-12-04 17:29:56 Notice: Notice (8): Undefined index:  type in [/home/shishir/public_html/answers/app/views/helpers/qhelper.php, line 14]
2010-12-04 17:29:56 Notice: Notice (8): Undefined index:  type in [/home/shishir/public_html/answers/app/views/helpers/qhelper.php, line 12]
2010-12-04 17:29:56 Notice: Notice (8): Undefined index:  type in [/home/shishir/public_html/answers/app/views/helpers/qhelper.php, line 14]
2010-12-04 17:29:57 Notice: Notice (8): Undefined index:  type in [/home/shishir/public_html/answers/app/views/helpers/qhelper.php, line 12]
2010-12-04 17:29:57 Notice: Notice (8): Undefined index:  type in [/home/shishir/public_html/answers/app/views/helpers/qhelper.php, line 14]
2010-12-04 17:29:57 Notice: Notice (8): Undefined index:  type in [/home/shishir/public_html/answers/app/views/helpers/qhelper.php, line 12]
2010-12-04 17:29:57 Notice: Notice (8): Undefined index:  type in [/home/shishir/public_html/answers/app/views/helpers/qhelper.php, line 14]
2010-12-04 17:29:57 Notice: Notice (8): Undefined index:  type in [/home/shishir/public_html/answers/app/views/helpers/qhelper.php, line 12]
2010-12-04 17:29:57 Notice: Notice (8): Undefined index:  type in [/home/shishir/public_html/answers/app/views/helpers/qhelper.php, line 14]
2010-12-04 17:29:58 Notice: Notice (8): Undefined index:  type in [/home/shishir/public_html/answers/app/views/helpers/qhelper.php, line 12]
2010-12-04 17:29:58 Notice: Notice (8): Undefined index:  type in [/home/shishir/public_html/answers/app/views/helpers/qhelper.php, line 14]
2010-12-04 17:29:59 Notice: Notice (8): Undefined index:  type in [/home/shishir/public_html/answers/app/views/helpers/qhelper.php, line 12]
2010-12-04 17:29:59 Notice: Notice (8): Undefined index:  type in [/home/shishir/public_html/answers/app/views/helpers/qhelper.php, line 14]
2010-12-04 17:30:02 Notice: Notice (8): Undefined index:  type in [/home/shishir/public_html/answers/app/views/helpers/qhelper.php, line 12]
2010-12-04 17:30:02 Notice: Notice (8): Undefined index:  type in [/home/shishir/public_html/answers/app/views/helpers/qhelper.php, line 14]
2010-12-04 17:30:03 Notice: Notice (8): Undefined index:  type in [/home/shishir/public_html/answers/app/views/helpers/qhelper.php, line 12]
2010-12-04 17:30:03 Notice: Notice (8): Undefined index:  type in [/home/shishir/public_html/answers/app/views/helpers/qhelper.php, line 14]
2010-12-04 17:30:53 Notice: Notice (8): Undefined property: View::$Js in [/home/shishir/public_html/answers/app/views/layouts/default.ctp, line 57]
2010-12-04 17:31:55 Notice: Notice (8): Undefined index:  type in [/home/shishir/public_html/answers/app/views/helpers/qhelper.php, line 12]
2010-12-04 17:31:55 Notice: Notice (8): Undefined index:  type in [/home/shishir/public_html/answers/app/views/helpers/qhelper.php, line 14]
2010-12-04 17:34:57 Notice: Notice (8): Undefined index:  type in [/home/shishir/public_html/answers/app/views/helpers/qhelper.php, line 12]
2010-12-04 17:34:57 Notice: Notice (8): Undefined index:  type in [/home/shishir/public_html/answers/app/views/helpers/qhelper.php, line 14]
2010-12-04 17:36:50 Notice: Notice (8): Undefined index:  type in [/home/shishir/public_html/answers/app/views/helpers/qhelper.php, line 12]
2010-12-04 17:36:50 Notice: Notice (8): Undefined index:  type in [/home/shishir/public_html/answers/app/views/helpers/qhelper.php, line 14]
2010-12-04 17:37:16 Notice: Notice (8): Undefined index:  type in [/home/shishir/public_html/answers/app/views/helpers/qhelper.php, line 12]
2010-12-04 17:37:16 Notice: Notice (8): Undefined index:  type in [/home/shishir/public_html/answers/app/views/helpers/qhelper.php, line 14]
2010-12-04 17:38:31 Notice: Notice (8): Undefined variable: votes in [/home/shishir/public_html/answers/app/controllers/questions_votes_controller.php, line 32]
2010-12-04 17:38:31 Notice: Notice (8): Undefined index:  type in [/home/shishir/public_html/answers/app/views/helpers/qhelper.php, line 12]
2010-12-04 17:38:31 Notice: Notice (8): Undefined index:  type in [/home/shishir/public_html/answers/app/views/helpers/qhelper.php, line 14]
2010-12-04 17:39:24 Notice: Notice (8): Undefined index:  type in [/home/shishir/public_html/answers/app/views/helpers/qhelper.php, line 12]
2010-12-04 17:39:24 Notice: Notice (8): Undefined index:  type in [/home/shishir/public_html/answers/app/views/helpers/qhelper.php, line 14]
2010-12-04 17:41:19 Notice: Notice (8): Undefined index:  type in [/home/shishir/public_html/answers/app/views/helpers/qhelper.php, line 12]
2010-12-04 17:41:19 Notice: Notice (8): Undefined index:  type in [/home/shishir/public_html/answers/app/views/helpers/qhelper.php, line 14]
2010-12-04 17:56:13 Notice: Notice (8): Undefined index:  Answer in [/home/shishir/public_html/answers/app/views/questions/view.ctp, line 53]
2010-12-04 17:56:13 Notice: Notice (8): Undefined index:  Answer in [/home/shishir/public_html/answers/app/views/questions/view.ctp, line 59]
2010-12-04 17:57:39 Notice: Notice (8): Undefined property: View::$Js in [/home/shishir/public_html/answers/app/views/layouts/default.ctp, line 57]
2010-12-04 18:00:00 Notice: Notice (8): Undefined property: View::$Js in [/home/shishir/public_html/answers/app/views/layouts/default.ctp, line 57]
2010-12-04 18:00:14 Notice: Notice (8): Undefined variable: qhelper in [/home/shishir/public_html/answers/app/views/elements/avote_up.ctp, line 1]
2010-12-04 18:07:51 Notice: Notice (8): Undefined index:  date in [/home/shishir/public_html/answers/app/views/answers/index.ctp, line 31]
2010-12-04 18:17:14 Notice: Notice (8): Undefined index:  date in [/home/shishir/public_html/answers/app/views/answers/index.ctp, line 31]
2010-12-04 18:17:14 Notice: Notice (8): Undefined index:  votes in [/home/shishir/public_html/answers/app/views/answers/index.ctp, line 32]
2010-12-04 18:17:14 Notice: Notice (8): Undefined index:  best_count in [/home/shishir/public_html/answers/app/views/answers/index.ctp, line 33]
2010-12-04 18:17:39 Notice: Notice (8): Undefined index:  date in [/home/shishir/public_html/answers/app/views/answers/index.ctp, line 31]
2010-12-04 18:17:39 Notice: Notice (8): Undefined index:  votes in [/home/shishir/public_html/answers/app/views/answers/index.ctp, line 32]
2010-12-04 18:17:39 Notice: Notice (8): Undefined index:  best_count in [/home/shishir/public_html/answers/app/views/answers/index.ctp, line 33]
2010-12-04 18:22:25 Notice: Notice (8): Undefined index:  date in [/home/shishir/public_html/answers/app/views/answers/index.ctp, line 31]
2010-12-04 18:22:25 Notice: Notice (8): Undefined index:  votes in [/home/shishir/public_html/answers/app/views/answers/index.ctp, line 32]
2010-12-04 18:22:25 Notice: Notice (8): Undefined index:  best_count in [/home/shishir/public_html/answers/app/views/answers/index.ctp, line 33]
2010-12-04 18:22:44 Notice: Notice (8): Undefined index:  date in [/home/shishir/public_html/answers/app/views/answers/index.ctp, line 31]
2010-12-04 18:22:44 Notice: Notice (8): Undefined index:  votes in [/home/shishir/public_html/answers/app/views/answers/index.ctp, line 32]
2010-12-04 18:22:44 Notice: Notice (8): Undefined index:  best_count in [/home/shishir/public_html/answers/app/views/answers/index.ctp, line 33]
2010-12-04 18:23:09 Notice: Notice (8): Undefined index:  date in [/home/shishir/public_html/answers/app/views/answers/index.ctp, line 31]
2010-12-04 18:23:09 Notice: Notice (8): Undefined index:  votes in [/home/shishir/public_html/answers/app/views/answers/index.ctp, line 32]
2010-12-04 18:23:09 Notice: Notice (8): Undefined index:  best_count in [/home/shishir/public_html/answers/app/views/answers/index.ctp, line 33]
2010-12-04 18:24:52 Notice: Notice (8): Undefined index:  date in [/home/shishir/public_html/answers/app/views/answers/index.ctp, line 31]
2010-12-04 18:24:52 Notice: Notice (8): Undefined index:  votes in [/home/shishir/public_html/answers/app/views/answers/index.ctp, line 32]
2010-12-04 18:24:52 Notice: Notice (8): Undefined index:  best_count in [/home/shishir/public_html/answers/app/views/answers/index.ctp, line 33]
2010-12-04 18:27:51 Notice: Notice (8): Undefined index:  date in [/home/shishir/public_html/answers/app/views/answers/index.ctp, line 31]
2010-12-04 18:27:51 Notice: Notice (8): Undefined index:  votes in [/home/shishir/public_html/answers/app/views/answers/index.ctp, line 32]
2010-12-04 18:27:51 Notice: Notice (8): Undefined index:  best_count in [/home/shishir/public_html/answers/app/views/answers/index.ctp, line 33]
2010-12-06 14:58:29 Notice: Notice (8): Undefined index:  autocomplete in [/home/shishir/public_html/answers/cake/libs/view/helpers/jquery_engine.php, line 128]
2010-12-06 15:33:30 Notice: Notice (8): Undefined variable: ajax in [/home/shishir/public_html/answers/app/views/questions/ask.ctp, line 14]
2010-12-06 16:10:33 Notice: Notice (8): Undefined property: QuestionsController::$date in [/home/shishir/public_html/answers/app/controllers/questions_controller.php, line 50]
2010-12-06 16:54:12 Notice: Notice (8): Undefined property: QuestionsController::$Tag in [/home/shishir/public_html/answers/app/controllers/questions_controller.php, line 60]
2010-12-06 16:54:12 Notice: Notice (8): Trying to get property of non-object in [/home/shishir/public_html/answers/app/controllers/questions_controller.php, line 60]
2010-12-06 16:54:12 Notice: Notice (8): Undefined property: QuestionsController::$QuestionsTag in [/home/shishir/public_html/answers/app/controllers/questions_controller.php, line 61]
2010-12-06 16:54:12 Notice: Notice (8): Trying to get property of non-object in [/home/shishir/public_html/answers/app/controllers/questions_controller.php, line 61]
2010-12-06 16:55:08 Notice: Notice (8): Undefined property: QuestionsController::$Tag in [/home/shishir/public_html/answers/app/controllers/questions_controller.php, line 60]
2010-12-06 16:55:08 Notice: Notice (8): Trying to get property of non-object in [/home/shishir/public_html/answers/app/controllers/questions_controller.php, line 60]
2010-12-06 17:04:44 Notice: Notice (8): Undefined property: QuestionsController::$Tag in [/home/shishir/public_html/answers/app/controllers/questions_controller.php, line 60]
2010-12-06 17:04:44 Notice: Notice (8): Trying to get property of non-object in [/home/shishir/public_html/answers/app/controllers/questions_controller.php, line 60]
2010-12-06 17:39:25 Notice: Notice (8): Undefined property: QuestionsController::$Tag in [/home/shishir/public_html/answers/app/controllers/questions_controller.php, line 63]
2010-12-06 17:39:25 Notice: Notice (8): Trying to get property of non-object in [/home/shishir/public_html/answers/app/controllers/questions_controller.php, line 63]
2010-12-06 17:51:16 Notice: Notice (8): Undefined index:  date in [/home/shishir/public_html/answers/app/views/questions_tags/tagsearch.ctp, line 24]
2010-12-06 17:55:04 Notice: Notice (8): Undefined index:  date in [/home/shishir/public_html/answers/app/views/questions_tags/tagsearch.ctp, line 24]
2010-12-06 17:57:40 Notice: Notice (8): Undefined property: QuestionsController::$Tag in [/home/shishir/public_html/answers/app/controllers/questions_controller.php, line 64]
2010-12-06 17:57:40 Notice: Notice (8): Trying to get property of non-object in [/home/shishir/public_html/answers/app/controllers/questions_controller.php, line 64]
2010-12-06 18:02:11 Notice: Notice (8): Undefined index:  id in [/home/shishir/public_html/answers/app/controllers/questions_controller.php, line 66]
2010-12-06 18:16:13 Notice: Notice (8): Undefined index:  id in [/home/shishir/public_html/answers/app/controllers/questions_controller.php, line 74]
2010-12-06 18:16:58 Notice: Notice (8): Undefined index:  id in [/home/shishir/public_html/answers/app/controllers/questions_controller.php, line 75]
2010-12-06 18:19:43 Notice: Notice (8): Undefined index:  id in [/home/shishir/public_html/answers/app/controllers/questions_controller.php, line 76]
2010-12-06 18:24:14 Notice: Notice (8): Undefined index:  date in [/home/shishir/public_html/answers/app/views/questions_tags/tagsearch.ctp, line 24]
2010-12-06 18:35:37 Notice: Notice (8): Undefined index:  Tag in [/home/shishir/public_html/answers/app/controllers/questions_controller.php, line 57]
2010-12-06 18:45:04 Notice: Notice (8): Undefined index:  tags in [/home/shishir/public_html/answers/app/controllers/questions_controller.php, line 57]
2010-12-06 18:52:35 Notice: Notice (8): Undefined index:  date in [/home/shishir/public_html/answers/app/views/questions_tags/tagsearch.ctp, line 24]
2010-12-06 18:52:42 Notice: Notice (8): Undefined index:  date in [/home/shishir/public_html/answers/app/views/questions_tags/tagsearch.ctp, line 24]
2010-12-07 10:23:55 Notice: Notice (8): Undefined property: View::$Paginator in [/home/shishir/public_html/answers/app/views/tags/index.ctp, line 28]
2010-12-07 10:54:55 Notice: Notice (8): Undefined index:  date in [/home/shishir/public_html/answers/app/views/answers/index.ctp, line 31]
2010-12-07 10:54:55 Notice: Notice (8): Undefined index:  votes in [/home/shishir/public_html/answers/app/views/answers/index.ctp, line 32]
2010-12-07 10:54:55 Notice: Notice (8): Undefined index:  best_count in [/home/shishir/public_html/answers/app/views/answers/index.ctp, line 33]
2010-12-07 14:17:01 Notice: Notice (8): Undefined index:  Question in [/home/shishir/public_html/answers/app/controllers/questions_comments_controller.php, line 24]
2010-12-07 14:18:28 Notice: Notice (8): Undefined index:  Question in [/home/shishir/public_html/answers/app/controllers/questions_comments_controller.php, line 25]
2010-12-07 14:24:05 Notice: Notice (8): Undefined index:  Question in [/home/shishir/public_html/answers/app/controllers/questions_comments_controller.php, line 25]
2010-12-07 15:46:01 Notice: Notice (8): Undefined index:  User in [/home/shishir/public_html/answers/app/views/questions/view.ctp, line 98]
2010-12-07 15:48:40 Notice: Notice (8): Undefined index:  User in [/home/shishir/public_html/answers/app/views/questions/view.ctp, line 98]
2010-12-07 15:50:09 Notice: Notice (8): Undefined index:  User in [/home/shishir/public_html/answers/app/views/questions/view.ctp, line 98]
2010-12-07 16:15:50 Notice: Notice (8): Undefined index:  User in [/home/shishir/public_html/answers/app/views/questions/view.ctp, line 98]
